<?xml version="1.0" encoding="UTF-8"?>
<testng-results ignored="0" total="2" passed="2" failed="0" skipped="0">
  <reporter-output>
  </reporter-output>
  <suite started-at="2023-12-04T21:28:32 GMT" name="Automation suite" finished-at="2023-12-04T21:28:55 GMT" duration-ms="22753">
    <groups>
    </groups>
    <test started-at="2023-12-04T21:28:32 GMT" name="HomePageTest" finished-at="2023-12-04T21:28:55 GMT" duration-ms="22753">
      <class name="com.qa.uk.tests.HomeTest">
        <test-method is-config="true" signature="setup()[pri:0, instance:com.qa.uk.tests.HomeTest@13d9cbf5]" started-at="2023-12-04T21:28:32 GMT" name="setup" finished-at="2023-12-04T21:28:40 GMT" duration-ms="7491" status="PASS">
          <reporter-output>
          </reporter-output>
        </test-method> <!-- setup -->
        <test-method signature="LoginTest()[pri:0, instance:com.qa.uk.tests.HomeTest@13d9cbf5]" started-at="2023-12-04T21:28:40 GMT" name="LoginTest" finished-at="2023-12-04T21:28:49 GMT" duration-ms="8784" status="PASS">
          <reporter-output>
          </reporter-output>
        </test-method> <!-- LoginTest -->
        <test-method signature="AddJourneyTest()[pri:1, instance:com.qa.uk.tests.HomeTest@13d9cbf5]" started-at="2023-12-04T21:28:49 GMT" name="AddJourneyTest" finished-at="2023-12-04T21:28:55 GMT" duration-ms="6379" status="PASS">
          <reporter-output>
          </reporter-output>
        </test-method> <!-- AddJourneyTest -->
        <test-method is-config="true" signature="teardown()[pri:0, instance:com.qa.uk.tests.HomeTest@13d9cbf5]" started-at="2023-12-04T21:28:55 GMT" name="teardown" finished-at="2023-12-04T21:28:55 GMT" duration-ms="1" status="PASS">
          <reporter-output>
          </reporter-output>
        </test-method> <!-- teardown -->
      </class> <!-- com.qa.uk.tests.HomeTest -->
    </test> <!-- HomePageTest -->
  </suite> <!-- Automation suite -->
</testng-results>
